21:40:11 HANOI     MZ390 START USING z390 V1.5.06 ON J2SE 1.8.0_131 05/08/17
21:40:12 HANOI     MZ390 ENDED   RC= 0 SEC= 0 MEM(MB)= 39 IO=1106
21:40:12 HANOI     LZ390 START USING z390 V1.5.06 ON J2SE 1.8.0_131 05/08/17
21:40:12 HANOI     LZ390 ENDED   RC= 0 SEC= 0 MEM(MB)= 10 IO=74
21:40:12 HANOI     EZ390 START USING z390 V1.5.06 ON J2SE 1.8.0_131 05/08/17
21:42:23 HANOI     MZ390 START USING z390 V1.5.06 ON J2SE 1.8.0_131 05/08/17
21:42:23 HANOI     MZ390 ENDED   RC= 0 SEC= 0 MEM(MB)= 39 IO=1106
21:42:23 HANOI     LZ390 START USING z390 V1.5.06 ON J2SE 1.8.0_131 05/08/17
21:42:23 HANOI     LZ390 ENDED   RC= 0 SEC= 0 MEM(MB)= 10 IO=74
21:42:23 HANOI     EZ390 START USING z390 V1.5.06 ON J2SE 1.8.0_131 05/08/17
21:51:17 HANOI     MZ390 START USING z390 V1.5.06 ON J2SE 1.8.0_131 05/08/17
21:51:17 HANOI     MZ390 ENDED   RC= 0 SEC= 0 MEM(MB)= 39 IO=1106
21:51:17 HANOI     LZ390 START USING z390 V1.5.06 ON J2SE 1.8.0_131 05/08/17
21:51:17 HANOI     LZ390 ENDED   RC= 0 SEC= 0 MEM(MB)= 10 IO=74
21:51:17 HANOI     EZ390 START USING z390 V1.5.06 ON J2SE 1.8.0_131 05/08/17
21:51:41 HANOI     MZ390 START USING z390 V1.5.06 ON J2SE 1.8.0_131 05/08/17
21:51:42 HANOI     MZ390 ENDED   RC= 0 SEC= 0 MEM(MB)= 40 IO=1108
21:51:42 HANOI     LZ390 START USING z390 V1.5.06 ON J2SE 1.8.0_131 05/08/17
21:51:42 HANOI     LZ390 ENDED   RC= 0 SEC= 0 MEM(MB)= 10 IO=74
21:51:42 HANOI     EZ390 START USING z390 V1.5.06 ON J2SE 1.8.0_131 05/08/17
21:52:10 HANOI     MZ390 START USING z390 V1.5.06 ON J2SE 1.8.0_131 05/08/17
21:52:10 HANOI     MZ390 ENDED   RC= 0 SEC= 0 MEM(MB)= 40 IO=1106
21:52:10 HANOI     LZ390 START USING z390 V1.5.06 ON J2SE 1.8.0_131 05/08/17
21:52:10 HANOI     LZ390 ENDED   RC= 0 SEC= 0 MEM(MB)= 10 IO=74
21:52:10 HANOI     EZ390 START USING z390 V1.5.06 ON J2SE 1.8.0_131 05/08/17
21:57:12 HANOI     MZ390 START USING z390 V1.5.06 ON J2SE 1.8.0_131 05/08/17
21:57:12 HANOI     MZ390 ENDED   RC= 0 SEC= 0 MEM(MB)= 39 IO=1106
21:57:12 HANOI     LZ390 START USING z390 V1.5.06 ON J2SE 1.8.0_131 05/08/17
21:57:12 HANOI     LZ390 ENDED   RC= 0 SEC= 0 MEM(MB)= 10 IO=74
21:57:12 HANOI     EZ390 START USING z390 V1.5.06 ON J2SE 1.8.0_131 05/08/17
22:00:08 HANOI     MZ390 START USING z390 V1.5.06 ON J2SE 1.8.0_131 05/08/17
22:00:08 HANOI     MZ390 ENDED   RC= 0 SEC= 0 MEM(MB)= 39 IO=1106
22:00:08 HANOI     LZ390 START USING z390 V1.5.06 ON J2SE 1.8.0_131 05/08/17
22:00:08 HANOI     LZ390 ENDED   RC= 0 SEC= 0 MEM(MB)= 10 IO=74
22:00:08 HANOI     EZ390 START USING z390 V1.5.06 ON J2SE 1.8.0_131 05/08/17
22:27:49 HANOI     MZ390 START USING z390 V1.5.06 ON J2SE 1.8.0_131 05/08/17
22:27:49 HANOI     MZ390 ENDED   RC= 0 SEC= 0 MEM(MB)= 39 IO=1110
22:27:49 HANOI     LZ390 START USING z390 V1.5.06 ON J2SE 1.8.0_131 05/08/17
22:27:49 HANOI     LZ390 ENDED   RC= 0 SEC= 0 MEM(MB)= 10 IO=76
22:27:49 HANOI     EZ390 START USING z390 V1.5.06 ON J2SE 1.8.0_131 05/08/17
22:30:43 HANOI     MZ390 START USING z390 V1.5.06 ON J2SE 1.8.0_131 05/08/17
22:30:43 HANOI     MZ390 ENDED   RC= 0 SEC= 0 MEM(MB)= 39 IO=1110
22:30:43 HANOI     LZ390 START USING z390 V1.5.06 ON J2SE 1.8.0_131 05/08/17
22:30:43 HANOI     LZ390 ENDED   RC= 0 SEC= 0 MEM(MB)= 10 IO=76
22:30:43 HANOI     EZ390 START USING z390 V1.5.06 ON J2SE 1.8.0_131 05/08/17
13:59:46 HANOI     MZ390 START USING z390 V1.5.06 ON J2SE 1.8.0_131 05/09/17
13:59:47 HANOI     MZ390 ENDED   RC= 0 SEC= 0 MEM(MB)= 39 IO=1110
13:59:47 HANOI     LZ390 START USING z390 V1.5.06 ON J2SE 1.8.0_131 05/09/17
13:59:47 HANOI     LZ390 ENDED   RC= 0 SEC= 0 MEM(MB)= 10 IO=76
13:59:47 HANOI     EZ390 START USING z390 V1.5.06 ON J2SE 1.8.0_131 05/09/17
14:00:59 HANOI     MZ390 START USING z390 V1.5.06 ON J2SE 1.8.0_131 05/09/17
14:00:59 HANOI     MZ390 ENDED   RC= 0 SEC= 0 MEM(MB)= 39 IO=1110
14:00:59 HANOI     LZ390 START USING z390 V1.5.06 ON J2SE 1.8.0_131 05/09/17
14:00:59 HANOI     LZ390 ENDED   RC= 0 SEC= 0 MEM(MB)= 10 IO=76
14:00:59 HANOI     EZ390 START USING z390 V1.5.06 ON J2SE 1.8.0_131 05/09/17
14:30:20 HANOI     MZ390 START USING z390 V1.5.06 ON J2SE 1.8.0_131 05/09/17
14:30:20 HANOI     MZ390 ENDED   RC= 0 SEC= 0 MEM(MB)= 39 IO=1110
14:30:20 HANOI     LZ390 START USING z390 V1.5.06 ON J2SE 1.8.0_131 05/09/17
14:30:20 HANOI     LZ390 ENDED   RC= 0 SEC= 0 MEM(MB)= 10 IO=76
14:30:20 HANOI     EZ390 START USING z390 V1.5.06 ON J2SE 1.8.0_131 05/09/17
17:24:34 HANOI     MZ390 START USING z390 V1.5.06 ON J2SE 1.8.0_73 05/09/17
17:24:34 HANOI     MZ390 ENDED   RC= 0 SEC= 0 MEM(MB)= 40 IO=1110
17:24:34 HANOI     LZ390 START USING z390 V1.5.06 ON J2SE 1.8.0_73 05/09/17
17:24:34 HANOI     LZ390 ENDED   RC= 0 SEC= 0 MEM(MB)= 11 IO=76
17:24:34 HANOI     EZ390 START USING z390 V1.5.06 ON J2SE 1.8.0_73 05/09/17
17:24:37 HANOI     EZ390 EZ390E error  11 ABEND PSW=07050600 800FFEDA F6F640000000 ????? ABEND S0C1
17:24:37 HANOI     EZ390 EZ390E error  12 program aborting due to abend S0C1
17:24:37 HANOI     EZ390 ENDED   RC=16 SEC= 2 MEM(MB)= 20 IO=39 INS=20
13:40:23 HANOI     MZ390 START USING z390 V1.5.06 ON J2SE 1.8.0_73 05/10/17
13:40:23 HANOI     MZ390 ENDED   RC= 0 SEC= 0 MEM(MB)= 40 IO=1110
13:40:23 HANOI     LZ390 START USING z390 V1.5.06 ON J2SE 1.8.0_73 05/10/17
13:40:23 HANOI     LZ390 ENDED   RC= 0 SEC= 0 MEM(MB)= 11 IO=76
13:40:23 HANOI     EZ390 START USING z390 V1.5.06 ON J2SE 1.8.0_73 05/10/17
13:40:27 HANOI     EZ390 EZ390E error  11 ABEND PSW=07050600 800FFEDA F6F640000000 ????? ABEND S0C1
13:40:27 HANOI     EZ390 EZ390E error  12 program aborting due to abend S0C1
13:40:27 HANOI     EZ390 ENDED   RC=16 SEC= 3 MEM(MB)= 20 IO=39 INS=20
13:41:59 HANOI     MZ390 START USING z390 V1.5.06 ON J2SE 1.8.0_73 05/10/17
13:41:59 HANOI     MZ390 ENDED   RC= 0 SEC= 0 MEM(MB)= 40 IO=1110
13:41:59 HANOI     LZ390 START USING z390 V1.5.06 ON J2SE 1.8.0_73 05/10/17
13:41:59 HANOI     LZ390 ENDED   RC= 0 SEC= 0 MEM(MB)= 11 IO=74
13:42:00 HANOI     EZ390 START USING z390 V1.5.06 ON J2SE 1.8.0_73 05/10/17
13:42:03 HANOI     EZ390 ENDED   RC= 0 SEC= 3 MEM(MB)= 20 IO=22 INS=27
13:56:31 HANOI     MZ390 START USING z390 V1.5.06 ON J2SE 1.8.0_73 05/10/17
13:56:31 HANOI     AZ390 AZ390E error 198       (1/11)36            BE    PAR
13:56:31 HANOI     AZ390 AZ390I symbol not defined PAR
13:56:31 HANOI     AZ390 AZ390E error 198       (1/12)37            BAL   15,RESPAR
13:56:31 HANOI     AZ390 AZ390I symbol not defined RESPAR
13:56:31 HANOI     AZ390 AZ390E error 198       (1/14)39            BAL   15,RESIMP
13:56:31 HANOI     AZ390 AZ390I symbol not defined RESIMP
13:56:31 HANOI     AZ390 AZ390I FID=  1 ERR=   3 E:\Drive\Documentos\1-Universidad\organizacion_del_computador\TP_IBM\HANOI.MLC
13:56:31 HANOI     MZ390 ENDED   RC=12 SEC= 0 MEM(MB)= 41 IO=1152
14:01:51 HANOI     MZ390 START USING z390 V1.5.06 ON J2SE 1.8.0_73 05/10/17
14:01:51 HANOI     MZ390 ENDED   RC= 0 SEC= 0 MEM(MB)= 41 IO=1322
14:01:51 HANOI     LZ390 START USING z390 V1.5.06 ON J2SE 1.8.0_73 05/10/17
14:01:51 HANOI     LZ390 ENDED   RC= 0 SEC= 0 MEM(MB)= 11 IO=84
14:01:51 HANOI     EZ390 START USING z390 V1.5.06 ON J2SE 1.8.0_73 05/10/17
14:01:57 HANOI     EZ390 EZ390E error  11 ABEND PSW=07050600 80000000 0000         ????? ABEND S0C1
14:01:57 HANOI     EZ390 EZ390E error  12 program aborting due to abend S0C1
14:01:57 HANOI     EZ390 ENDED   RC=16 SEC= 5 MEM(MB)= 20 IO=40 INS=28
14:03:52 HANOI     MZ390 START USING z390 V1.5.06 ON J2SE 1.8.0_73 05/10/17
14:03:52 HANOI     MZ390 ENDED   RC= 0 SEC= 0 MEM(MB)= 41 IO=1322
14:03:52 HANOI     LZ390 START USING z390 V1.5.06 ON J2SE 1.8.0_73 05/10/17
14:03:52 HANOI     LZ390 ENDED   RC= 0 SEC= 0 MEM(MB)= 11 IO=84
14:03:52 HANOI     EZ390 START USING z390 V1.5.06 ON J2SE 1.8.0_73 05/10/17
14:03:55 HANOI     EZ390 EZ390E error  11 ABEND PSW=07052600 80000000 0000         ????? ABEND S0C1
14:03:55 HANOI     EZ390 EZ390E error  12 program aborting due to abend S0C1
14:03:55 HANOI     EZ390 ENDED   RC=16 SEC= 2 MEM(MB)= 20 IO=40 INS=28
14:05:04 HANOI     MZ390 START USING z390 V1.5.06 ON J2SE 1.8.0_73 05/10/17
14:05:04 HANOI     MZ390 ENDED   RC= 0 SEC= 0 MEM(MB)= 41 IO=1330
14:05:04 HANOI     LZ390 START USING z390 V1.5.06 ON J2SE 1.8.0_73 05/10/17
14:05:04 HANOI     LZ390 ENDED   RC= 0 SEC= 0 MEM(MB)= 11 IO=88
14:05:04 HANOI     EZ390 START USING z390 V1.5.06 ON J2SE 1.8.0_73 05/10/17
14:05:07 HANOI     EZ390 EZ390E error  11 ABEND PSW=07052600 80000000 0000         ????? ABEND S0C1
14:05:07 HANOI     EZ390 EZ390E error  12 program aborting due to abend S0C1
14:05:07 HANOI     EZ390 ENDED   RC=16 SEC= 2 MEM(MB)= 20 IO=40 INS=28
14:05:33 HANOI     MZ390 START USING z390 V1.5.06 ON J2SE 1.8.0_73 05/10/17
14:05:33 HANOI     MZ390 ENDED   RC= 0 SEC= 0 MEM(MB)= 41 IO=1330
14:05:33 HANOI     LZ390 START USING z390 V1.5.06 ON J2SE 1.8.0_73 05/10/17
14:05:33 HANOI     LZ390 ENDED   RC= 0 SEC= 0 MEM(MB)= 11 IO=88
14:05:34 HANOI     EZ390 START USING z390 V1.5.06 ON J2SE 1.8.0_73 05/10/17
14:05:39 HANOI     EZ390 EZ390E error  11 ABEND PSW=07050600 80000000 0000         ????? ABEND S0C1
14:05:39 HANOI     EZ390 EZ390E error  12 program aborting due to abend S0C1
14:05:39 HANOI     EZ390 ENDED   RC=16 SEC= 5 MEM(MB)= 20 IO=40 INS=28
14:15:02 HANOI     MZ390 START USING z390 V1.5.06 ON J2SE 1.8.0_73 05/10/17
14:15:03 HANOI     MZ390 ENDED   RC= 0 SEC= 0 MEM(MB)= 41 IO=1320
14:15:03 HANOI     LZ390 START USING z390 V1.5.06 ON J2SE 1.8.0_73 05/10/17
14:15:03 HANOI     LZ390 ENDED   RC= 0 SEC= 0 MEM(MB)= 11 IO=84
14:15:03 HANOI     EZ390 START USING z390 V1.5.06 ON J2SE 1.8.0_73 05/10/17
14:15:06 HANOI     EZ390 EZ390E error  11 ABEND PSW=07052600 80000000 0000         ????? ABEND S0C1
14:15:06 HANOI     EZ390 EZ390E error  12 program aborting due to abend S0C1
14:15:06 HANOI     EZ390 ENDED   RC=16 SEC= 3 MEM(MB)= 20 IO=40 INS=28
14:20:17 HANOI     MZ390 START USING z390 V1.5.06 ON J2SE 1.8.0_73 05/10/17
14:20:17 HANOI     MZ390 ENDED   RC= 0 SEC= 0 MEM(MB)= 41 IO=1320
14:20:18 HANOI     LZ390 START USING z390 V1.5.06 ON J2SE 1.8.0_73 05/10/17
14:20:18 HANOI     LZ390 ENDED   RC= 0 SEC= 0 MEM(MB)= 11 IO=84
14:20:18 HANOI     EZ390 START USING z390 V1.5.06 ON J2SE 1.8.0_73 05/10/17
14:20:22 HANOI     EZ390 EZ390E error  11 ABEND PSW=07050600 800FFEC2 0012         ????? ABEND S0C1
14:20:22 HANOI     EZ390 EZ390E error  12 program aborting due to abend S0C1
14:20:22 HANOI     EZ390 ENDED   RC=16 SEC= 4 MEM(MB)= 20 IO=40 INS=28
14:20:54 HANOI     MZ390 START USING z390 V1.5.06 ON J2SE 1.8.0_73 05/10/17
14:20:55 HANOI     MZ390 ENDED   RC= 0 SEC= 0 MEM(MB)= 41 IO=1320
14:20:55 HANOI     LZ390 START USING z390 V1.5.06 ON J2SE 1.8.0_73 05/10/17
14:20:55 HANOI     LZ390 ENDED   RC= 0 SEC= 0 MEM(MB)= 11 IO=84
14:20:55 HANOI     EZ390 START USING z390 V1.5.06 ON J2SE 1.8.0_73 05/10/17
14:20:58 HANOI     EZ390 EZ390E error  11 ABEND PSW=07050600 800FFE60 4F50D130     CVB   ABEND S0C7
14:20:58 HANOI     EZ390 EZ390E error  12 program aborting due to abend S0C7
14:20:58 HANOI     EZ390 ENDED   RC=16 SEC= 2 MEM(MB)= 20 IO=39 INS=16
14:21:22 HANOI     MZ390 START USING z390 V1.5.06 ON J2SE 1.8.0_73 05/10/17
14:21:22 HANOI     MZ390 ENDED   RC= 0 SEC= 0 MEM(MB)= 41 IO=1320
14:21:22 HANOI     LZ390 START USING z390 V1.5.06 ON J2SE 1.8.0_73 05/10/17
14:21:22 HANOI     LZ390 ENDED   RC= 0 SEC= 0 MEM(MB)= 11 IO=84
14:21:22 HANOI     EZ390 START USING z390 V1.5.06 ON J2SE 1.8.0_73 05/10/17
14:21:27 HANOI     EZ390 EZ390E error  11 ABEND PSW=07052600 800FFEA6 0014         ????? ABEND S0C1
14:21:27 HANOI     EZ390 EZ390E error  12 program aborting due to abend S0C1
14:21:27 HANOI     EZ390 ENDED   RC=16 SEC= 5 MEM(MB)= 20 IO=40 INS=28
14:22:10 HANOI     MZ390 START USING z390 V1.5.06 ON J2SE 1.8.0_73 05/10/17
14:22:10 HANOI     MZ390 ENDED   RC= 0 SEC= 0 MEM(MB)= 41 IO=1330
14:22:10 HANOI     LZ390 START USING z390 V1.5.06 ON J2SE 1.8.0_73 05/10/17
14:22:10 HANOI     LZ390 ENDED   RC= 0 SEC= 0 MEM(MB)= 11 IO=88
14:22:11 HANOI     EZ390 START USING z390 V1.5.06 ON J2SE 1.8.0_73 05/10/17
14:22:13 HANOI     EZ390 EZ390E error  11 ABEND PSW=07050600 800FFE94 0008         ????? ABEND S0C1
14:22:13 HANOI     EZ390 EZ390E error  12 program aborting due to abend S0C1
14:22:13 HANOI     EZ390 ENDED   RC=16 SEC= 2 MEM(MB)= 20 IO=40 INS=23
14:25:12 HANOI     MZ390 START USING z390 V1.5.06 ON J2SE 1.8.0_73 05/10/17
14:25:13 HANOI     MZ390 ENDED   RC= 0 SEC= 0 MEM(MB)= 41 IO=1320
14:25:13 HANOI     LZ390 START USING z390 V1.5.06 ON J2SE 1.8.0_73 05/10/17
14:25:13 HANOI     LZ390 ENDED   RC= 0 SEC= 0 MEM(MB)= 11 IO=84
14:25:13 HANOI     EZ390 START USING z390 V1.5.06 ON J2SE 1.8.0_73 05/10/17
14:25:15 HANOI     EZ390 EZ390E error  11 ABEND PSW=07050600 800FFE9A D283D13CD1C8 MVC   ABEND S0C5
14:25:15 HANOI     EZ390 EZ390E error  12 program aborting due to abend S0C5
14:25:15 HANOI     EZ390 ENDED   RC=16 SEC= 2 MEM(MB)= 20 IO=39 INS=19
14:26:40 HANOI     MZ390 START USING z390 V1.5.06 ON J2SE 1.8.0_73 05/10/17
14:26:41 HANOI     MZ390 ENDED   RC= 0 SEC= 0 MEM(MB)= 41 IO=1320
14:26:41 HANOI     LZ390 START USING z390 V1.5.06 ON J2SE 1.8.0_73 05/10/17
14:26:41 HANOI     LZ390 ENDED   RC= 0 SEC= 0 MEM(MB)= 11 IO=84
14:26:41 HANOI     EZ390 START USING z390 V1.5.06 ON J2SE 1.8.0_73 05/10/17
14:26:43 HANOI     EZ390 ENDED   RC= 0 SEC= 2 MEM(MB)= 20 IO=23 INS=34
16:35:24 HANOI     MZ390 START USING z390 V1.5.06 ON J2SE 1.8.0_73 05/10/17
16:35:24 HANOI     MZ390 ENDED   RC= 0 SEC= 0 MEM(MB)= 41 IO=1320
16:35:24 HANOI     LZ390 START USING z390 V1.5.06 ON J2SE 1.8.0_73 05/10/17
16:35:25 HANOI     LZ390 ENDED   RC= 0 SEC= 0 MEM(MB)= 11 IO=84
16:35:25 HANOI     EZ390 START USING z390 V1.5.06 ON J2SE 1.8.0_73 05/10/17
16:35:28 HANOI     EZ390 ENDED   RC= 0 SEC= 3 MEM(MB)= 20 IO=23 INS=34
16:35:46 HANOI     MZ390 START USING z390 V1.5.06 ON J2SE 1.8.0_73 05/10/17
16:35:46 HANOI     MZ390 ENDED   RC= 0 SEC= 0 MEM(MB)= 41 IO=1319
16:35:46 HANOI     LZ390 START USING z390 V1.5.06 ON J2SE 1.8.0_73 05/10/17
16:35:46 HANOI     LZ390 ENDED   RC= 0 SEC= 0 MEM(MB)= 11 IO=84
16:35:46 HANOI     EZ390 START USING z390 V1.5.06 ON J2SE 1.8.0_73 05/10/17
16:35:50 HANOI     EZ390 ENDED   RC= 0 SEC= 3 MEM(MB)= 20 IO=23 INS=33
16:58:40 HANOI     MZ390 START USING z390 V1.5.06 ON J2SE 1.8.0_73 05/10/17
16:58:43 HANOI     AZ390 AZ390E error  35       (1/24)54            BCT   5,
16:58:43 HANOI     AZ390 AZ390I expression parsing error
16:58:43 HANOI     AZ390 AZ390I FID=  1 ERR=   1 E:\Drive\Documentos\1-Universidad\organizacion_del_computador\TP_IBM\HANOI.MLC
16:58:43 HANOI     MZ390 ENDED   RC=12 SEC= 3 MEM(MB)= 41 IO=1343
17:54:45 HANOI     MZ390 START USING z390 V1.5.06 ON J2SE 1.8.0_73 05/10/17
17:54:45 HANOI     MZ390 ENDED   RC= 0 SEC= 0 MEM(MB)= 41 IO=1338
17:54:45 HANOI     LZ390 START USING z390 V1.5.06 ON J2SE 1.8.0_73 05/10/17
17:54:45 HANOI     LZ390 ENDED   RC= 0 SEC= 0 MEM(MB)= 11 IO=88
17:54:45 HANOI     EZ390 START USING z390 V1.5.06 ON J2SE 1.8.0_73 05/10/17
17:54:48 HANOI     EZ390 ENDED   RC= 0 SEC= 2 MEM(MB)= 20 IO=23 INS=42
18:06:33 HANOI     MZ390 START USING z390 V1.5.06 ON J2SE 1.8.0_73 05/10/17
18:06:33 HANOI     MZ390 ENDED   RC= 0 SEC= 0 MEM(MB)= 41 IO=1364
18:06:33 HANOI     LZ390 START USING z390 V1.5.06 ON J2SE 1.8.0_73 05/10/17
18:06:33 HANOI     LZ390 ENDED   RC= 0 SEC= 0 MEM(MB)= 11 IO=92
18:06:33 HANOI     EZ390 START USING z390 V1.5.06 ON J2SE 1.8.0_73 05/10/17
18:06:36 HANOI     EZ390 EZ390E error  11 ABEND PSW=07050600 800FFEAE F6F640000000 ????? ABEND S0C1
18:06:36 HANOI     EZ390 EZ390E error  12 program aborting due to abend S0C1
18:06:36 HANOI     EZ390 ENDED   RC=16 SEC= 2 MEM(MB)= 20 IO=40 INS=53
18:07:55 HANOI     MZ390 START USING z390 V1.5.06 ON J2SE 1.8.0_73 05/10/17
18:07:56 HANOI     MZ390 ENDED   RC= 0 SEC= 0 MEM(MB)= 41 IO=1366
18:07:56 HANOI     LZ390 START USING z390 V1.5.06 ON J2SE 1.8.0_73 05/10/17
18:07:56 HANOI     LZ390 ENDED   RC= 0 SEC= 0 MEM(MB)= 11 IO=90
18:07:56 HANOI     EZ390 START USING z390 V1.5.06 ON J2SE 1.8.0_73 05/10/17
18:08:00 HANOI     EZ390 ENDED   RC= 0 SEC= 4 MEM(MB)= 20 IO=23 INS=60
18:08:05 HANOI     MZ390 START USING z390 V1.5.06 ON J2SE 1.8.0_73 05/10/17
18:08:05 HANOI     MZ390 ENDED   RC= 0 SEC= 0 MEM(MB)= 41 IO=1366
18:08:06 HANOI     LZ390 START USING z390 V1.5.06 ON J2SE 1.8.0_73 05/10/17
18:08:06 HANOI     LZ390 ENDED   RC= 0 SEC= 0 MEM(MB)= 11 IO=90
18:08:06 HANOI     EZ390 START USING z390 V1.5.06 ON J2SE 1.8.0_73 05/10/17
18:08:08 HANOI     EZ390 ENDED   RC= 0 SEC= 2 MEM(MB)= 20 IO=23 INS=63
18:08:10 HANOI     MZ390 START USING z390 V1.5.06 ON J2SE 1.8.0_73 05/10/17
18:08:11 HANOI     MZ390 ENDED   RC= 0 SEC= 0 MEM(MB)= 41 IO=1366
18:08:11 HANOI     LZ390 START USING z390 V1.5.06 ON J2SE 1.8.0_73 05/10/17
18:08:11 HANOI     LZ390 ENDED   RC= 0 SEC= 0 MEM(MB)= 11 IO=90
18:08:11 HANOI     EZ390 START USING z390 V1.5.06 ON J2SE 1.8.0_73 05/10/17
18:08:14 HANOI     EZ390 ENDED   RC= 0 SEC= 3 MEM(MB)= 20 IO=23 INS=54
18:08:24 HANOI     MZ390 START USING z390 V1.5.06 ON J2SE 1.8.0_73 05/10/17
18:08:24 HANOI     MZ390 ENDED   RC= 0 SEC= 0 MEM(MB)= 41 IO=1366
18:08:24 HANOI     LZ390 START USING z390 V1.5.06 ON J2SE 1.8.0_73 05/10/17
18:08:25 HANOI     LZ390 ENDED   RC= 0 SEC= 0 MEM(MB)= 11 IO=90
18:08:25 HANOI     EZ390 START USING z390 V1.5.06 ON J2SE 1.8.0_73 05/10/17
18:08:27 HANOI     EZ390 ENDED   RC= 0 SEC= 2 MEM(MB)= 20 IO=23 INS=48
22:10:04 HANOI     MZ390 START USING z390 V1.5.06 ON J2SE 1.8.0_131 05/12/17
22:10:04 HANOI     MZ390 MZ390E error 139       (1/61)61 missing continuation line 61 in /home/vasectomio/Documents/GitHub/organizacion_del_computador/TP_IBM/HANOI.MLC
22:10:04 HANOI     MZ390 AZ390I FID=  1 ERR=   1 /home/vasectomio/Documents/GitHub/organizacion_del_computador/TP_IBM/HANOI.MLC
22:10:04 HANOI     MZ390 ENDED   RC=12 SEC= 0 MEM(MB)= 40 IO=1374
22:11:20 HANOI     MZ390 START USING z390 V1.5.06 ON J2SE 1.8.0_131 05/12/17
22:11:20 HANOI     MZ390 ENDED   RC= 0 SEC= 0 MEM(MB)= 40 IO=1366
22:11:21 HANOI     LZ390 START USING z390 V1.5.06 ON J2SE 1.8.0_131 05/12/17
22:11:21 HANOI     LZ390 ENDED   RC= 0 SEC= 0 MEM(MB)= 10 IO=90
22:11:21 HANOI     EZ390 START USING z390 V1.5.06 ON J2SE 1.8.0_131 05/12/17
22:11:23 HANOI     EZ390 ENDED   RC= 0 SEC= 2 MEM(MB)= 21 IO=23 INS=48
22:17:03 HANOI     MZ390 START USING z390 V1.5.06 ON J2SE 1.8.0_131 05/12/17
22:17:03 HANOI     MZ390 ENDED   RC= 0 SEC= 0 MEM(MB)= 40 IO=1371
22:17:03 HANOI     LZ390 START USING z390 V1.5.06 ON J2SE 1.8.0_131 05/12/17
22:17:03 HANOI     LZ390 ENDED   RC= 0 SEC= 0 MEM(MB)= 10 IO=90
22:17:03 HANOI     EZ390 START USING z390 V1.5.06 ON J2SE 1.8.0_131 05/12/17
22:17:06 HANOI     EZ390 ENDED   RC= 0 SEC= 2 MEM(MB)= 21 IO=23 INS=49
22:19:05 HANOI     MZ390 START USING z390 V1.5.06 ON J2SE 1.8.0_131 05/12/17
22:19:05 HANOI     MZ390 ENDED   RC= 0 SEC= 0 MEM(MB)= 40 IO=1371
22:19:05 HANOI     LZ390 START USING z390 V1.5.06 ON J2SE 1.8.0_131 05/12/17
22:19:05 HANOI     LZ390 ENDED   RC= 0 SEC= 0 MEM(MB)= 11 IO=90
22:19:06 HANOI     EZ390 START USING z390 V1.5.06 ON J2SE 1.8.0_131 05/12/17
22:19:16 HANOI     EZ390 ENDED   RC= 0 SEC=10 MEM(MB)= 21 IO=23 INS=55
22:19:24 HANOI     MZ390 START USING z390 V1.5.06 ON J2SE 1.8.0_131 05/12/17
22:19:24 HANOI     MZ390 ENDED   RC= 0 SEC= 0 MEM(MB)= 40 IO=1371
22:19:24 HANOI     LZ390 START USING z390 V1.5.06 ON J2SE 1.8.0_131 05/12/17
22:19:24 HANOI     LZ390 ENDED   RC= 0 SEC= 0 MEM(MB)= 11 IO=90
22:19:24 HANOI     EZ390 START USING z390 V1.5.06 ON J2SE 1.8.0_131 05/12/17
22:21:17 HANOI     EZ390 EZ390E error 109 quitting test mode
22:21:17 HANOI     EZ390 ENDED   RC=16 SEC=113 MEM(MB)= 21 IO=30 INS=11
22:21:22 HANOI     MZ390 START USING z390 V1.5.06 ON J2SE 1.8.0_131 05/12/17
22:21:22 HANOI     MZ390 ENDED   RC= 0 SEC= 0 MEM(MB)= 40 IO=1371
22:21:23 HANOI     LZ390 START USING z390 V1.5.06 ON J2SE 1.8.0_131 05/12/17
22:21:23 HANOI     LZ390 ENDED   RC= 0 SEC= 0 MEM(MB)= 10 IO=90
22:21:23 HANOI     EZ390 START USING z390 V1.5.06 ON J2SE 1.8.0_131 05/12/17
22:23:03 HANOI     EZ390 EZ390E error  11 ABEND PSW=07050600 800FFE0C 4F50D158     CVB   ABEND S0C7
22:24:01 HANOI     EZ390 EZ390E error 109 quitting test mode
22:24:01 HANOI     EZ390 ENDED   RC=16 SEC=158 MEM(MB)= 21 IO=39 INS=15
22:24:06 HANOI     MZ390 START USING z390 V1.5.06 ON J2SE 1.8.0_131 05/12/17
22:24:06 HANOI     MZ390 ENDED   RC= 0 SEC= 0 MEM(MB)= 40 IO=1375
22:24:06 HANOI     LZ390 START USING z390 V1.5.06 ON J2SE 1.8.0_131 05/12/17
22:24:06 HANOI     LZ390 ENDED   RC= 0 SEC= 0 MEM(MB)= 11 IO=92
22:24:06 HANOI     EZ390 START USING z390 V1.5.06 ON J2SE 1.8.0_131 05/12/17
22:24:09 HANOI     EZ390 EZ390E error  11 ABEND PSW=07050600 800FFE0C 4F50D158     CVB   ABEND S0C7
22:24:09 HANOI     EZ390 EZ390E error  12 program aborting due to abend S0C7
22:24:09 HANOI     EZ390 ENDED   RC=16 SEC= 2 MEM(MB)= 21 IO=39 INS=15
22:24:25 HANOI     MZ390 START USING z390 V1.5.06 ON J2SE 1.8.0_131 05/12/17
22:24:26 HANOI     MZ390 ENDED   RC= 0 SEC= 0 MEM(MB)= 40 IO=1375
22:24:26 HANOI     LZ390 START USING z390 V1.5.06 ON J2SE 1.8.0_131 05/12/17
22:24:26 HANOI     LZ390 ENDED   RC= 0 SEC= 0 MEM(MB)= 11 IO=92
22:24:26 HANOI     EZ390 START USING z390 V1.5.06 ON J2SE 1.8.0_131 05/12/17
22:24:29 HANOI     EZ390 ENDED   RC= 0 SEC= 2 MEM(MB)= 21 IO=23 INS=62
22:25:40 HANOI     MZ390 START USING z390 V1.5.06 ON J2SE 1.8.0_131 05/12/17
22:25:40 HANOI     MZ390 ENDED   RC= 0 SEC= 0 MEM(MB)= 40 IO=1375
22:25:40 HANOI     LZ390 START USING z390 V1.5.06 ON J2SE 1.8.0_131 05/12/17
22:25:40 HANOI     LZ390 ENDED   RC= 0 SEC= 0 MEM(MB)= 11 IO=92
22:25:40 HANOI     EZ390 START USING z390 V1.5.06 ON J2SE 1.8.0_131 05/12/17
22:26:02 HANOI     EZ390 EZ390E error  11 ABEND PSW=07050600 800FFE0C 4F50D158     CVB   ABEND S0C7
22:26:26 HANOI     EZ390 EZ390E error 109 quitting test mode
22:26:26 HANOI     EZ390 ENDED   RC=16 SEC=46 MEM(MB)= 21 IO=31 INS=15
22:26:31 HANOI     MZ390 START USING z390 V1.5.06 ON J2SE 1.8.0_131 05/12/17
22:26:31 HANOI     MZ390 ENDED   RC= 0 SEC= 0 MEM(MB)= 40 IO=1374
22:26:31 HANOI     LZ390 START USING z390 V1.5.06 ON J2SE 1.8.0_131 05/12/17
22:26:31 HANOI     LZ390 ENDED   RC= 0 SEC= 0 MEM(MB)= 11 IO=90
22:26:31 HANOI     EZ390 START USING z390 V1.5.06 ON J2SE 1.8.0_131 05/12/17
22:28:50 HANOI     MZ390 START USING z390 V1.5.06 ON J2SE 1.8.0_131 05/12/17
22:28:51 HANOI     MZ390 ENDED   RC= 0 SEC= 0 MEM(MB)= 40 IO=1374
22:28:51 HANOI     LZ390 START USING z390 V1.5.06 ON J2SE 1.8.0_131 05/12/17
22:28:51 HANOI     LZ390 ENDED   RC= 0 SEC= 0 MEM(MB)= 11 IO=90
22:28:51 HANOI     EZ390 START USING z390 V1.5.06 ON J2SE 1.8.0_131 05/12/17
22:28:54 HANOI     EZ390 EZ390E error  11 ABEND PSW=07052600 800FFE62 5054D168     ST    ABEND S0C5
22:28:54 HANOI     EZ390 EZ390E error  12 program aborting due to abend S0C5
22:28:54 HANOI     EZ390 ENDED   RC=16 SEC= 3 MEM(MB)= 21 IO=39 INS=543
22:29:51 HANOI     MZ390 START USING z390 V1.5.06 ON J2SE 1.8.0_131 05/12/17
22:29:51 HANOI     MZ390 ENDED   RC= 0 SEC= 0 MEM(MB)= 40 IO=1374
22:29:51 HANOI     LZ390 START USING z390 V1.5.06 ON J2SE 1.8.0_131 05/12/17
22:29:51 HANOI     LZ390 ENDED   RC= 0 SEC= 0 MEM(MB)= 11 IO=90
22:29:51 HANOI     EZ390 START USING z390 V1.5.06 ON J2SE 1.8.0_131 05/12/17
22:29:59 HANOI     EZ390 EZ390E error  11 ABEND PSW=07052600 800FFE62 5054D168     ST    ABEND S0C5
22:29:59 HANOI     EZ390 EZ390E error  12 program aborting due to abend S0C5
22:29:59 HANOI     EZ390 ENDED   RC=16 SEC= 7 MEM(MB)= 21 IO=39 INS=543
22:30:41 HANOI     MZ390 START USING z390 V1.5.06 ON J2SE 1.8.0_131 05/12/17
22:30:42 HANOI     MZ390 ENDED   RC= 0 SEC= 0 MEM(MB)= 40 IO=1378
22:30:42 HANOI     LZ390 START USING z390 V1.5.06 ON J2SE 1.8.0_131 05/12/17
22:30:42 HANOI     LZ390 ENDED   RC= 0 SEC= 0 MEM(MB)= 11 IO=92
22:30:42 HANOI     EZ390 START USING z390 V1.5.06 ON J2SE 1.8.0_131 05/12/17
22:30:44 HANOI     EZ390 ENDED   RC= 0 SEC= 2 MEM(MB)= 21 IO=23 INS=62
22:31:12 HANOI     MZ390 START USING z390 V1.5.06 ON J2SE 1.8.0_131 05/12/17
22:31:12 HANOI     MZ390 ENDED   RC= 0 SEC= 0 MEM(MB)= 40 IO=1378
22:31:12 HANOI     LZ390 START USING z390 V1.5.06 ON J2SE 1.8.0_131 05/12/17
22:31:12 HANOI     LZ390 ENDED   RC= 0 SEC= 0 MEM(MB)= 11 IO=92
22:31:12 HANOI     EZ390 START USING z390 V1.5.06 ON J2SE 1.8.0_131 05/12/17
22:31:15 HANOI     EZ390 ENDED   RC= 0 SEC= 2 MEM(MB)= 21 IO=23 INS=59
22:32:34 HANOI     MZ390 START USING z390 V1.5.06 ON J2SE 1.8.0_131 05/12/17
22:32:35 HANOI     MZ390 ENDED   RC= 0 SEC= 0 MEM(MB)= 40 IO=1374
22:32:35 HANOI     LZ390 START USING z390 V1.5.06 ON J2SE 1.8.0_131 05/12/17
22:32:35 HANOI     LZ390 ENDED   RC= 0 SEC= 0 MEM(MB)= 11 IO=90
22:32:35 HANOI     EZ390 START USING z390 V1.5.06 ON J2SE 1.8.0_131 05/12/17
22:32:37 HANOI     EZ390 EZ390E error  11 ABEND PSW=07052600 800FFE62 5054D168     ST    ABEND S0C5
22:32:37 HANOI     EZ390 EZ390E error  12 program aborting due to abend S0C5
22:32:37 HANOI     EZ390 ENDED   RC=16 SEC= 2 MEM(MB)= 21 IO=39 INS=543
22:33:00 HANOI     MZ390 START USING z390 V1.5.06 ON J2SE 1.8.0_131 05/12/17
22:33:00 HANOI     MZ390 ENDED   RC= 0 SEC= 0 MEM(MB)= 40 IO=1375
22:33:00 HANOI     LZ390 START USING z390 V1.5.06 ON J2SE 1.8.0_131 05/12/17
22:33:00 HANOI     LZ390 ENDED   RC= 0 SEC= 0 MEM(MB)= 11 IO=92
22:33:00 HANOI     EZ390 START USING z390 V1.5.06 ON J2SE 1.8.0_131 05/12/17
22:33:03 HANOI     EZ390 ENDED   RC= 0 SEC= 2 MEM(MB)= 21 IO=23 INS=59
22:33:29 HANOI     MZ390 START USING z390 V1.5.06 ON J2SE 1.8.0_131 05/12/17
22:33:30 HANOI     MZ390 ENDED   RC= 0 SEC= 0 MEM(MB)= 40 IO=1375
22:33:30 HANOI     LZ390 START USING z390 V1.5.06 ON J2SE 1.8.0_131 05/12/17
22:33:30 HANOI     LZ390 ENDED   RC= 0 SEC= 0 MEM(MB)= 11 IO=92
22:33:30 HANOI     EZ390 START USING z390 V1.5.06 ON J2SE 1.8.0_131 05/12/17
22:33:32 HANOI     EZ390 ENDED   RC= 0 SEC= 1 MEM(MB)= 21 IO=23 INS=53
22:33:58 HANOI     MZ390 START USING z390 V1.5.06 ON J2SE 1.8.0_131 05/12/17
22:33:59 HANOI     MZ390 ENDED   RC= 0 SEC= 0 MEM(MB)= 40 IO=1371
22:33:59 HANOI     LZ390 START USING z390 V1.5.06 ON J2SE 1.8.0_131 05/12/17
22:33:59 HANOI     LZ390 ENDED   RC= 0 SEC= 0 MEM(MB)= 11 IO=90
22:33:59 HANOI     EZ390 START USING z390 V1.5.06 ON J2SE 1.8.0_131 05/12/17
22:34:01 HANOI     EZ390 ENDED   RC= 0 SEC= 1 MEM(MB)= 21 IO=23 INS=58
22:34:06 HANOI     MZ390 START USING z390 V1.5.06 ON J2SE 1.8.0_131 05/12/17
22:34:06 HANOI     MZ390 ENDED   RC= 0 SEC= 0 MEM(MB)= 40 IO=1371
22:34:06 HANOI     LZ390 START USING z390 V1.5.06 ON J2SE 1.8.0_131 05/12/17
22:34:06 HANOI     LZ390 ENDED   RC= 0 SEC= 0 MEM(MB)= 11 IO=90
22:34:06 HANOI     EZ390 START USING z390 V1.5.06 ON J2SE 1.8.0_131 05/12/17
22:34:10 HANOI     EZ390 ENDED   RC= 0 SEC= 3 MEM(MB)= 21 IO=23 INS=43
22:34:23 HANOI     MZ390 START USING z390 V1.5.06 ON J2SE 1.8.0_131 05/12/17
22:34:24 HANOI     MZ390 ENDED   RC= 0 SEC= 0 MEM(MB)= 40 IO=1369
22:34:24 HANOI     LZ390 START USING z390 V1.5.06 ON J2SE 1.8.0_131 05/12/17
22:34:24 HANOI     LZ390 ENDED   RC= 0 SEC= 0 MEM(MB)= 11 IO=90
22:34:24 HANOI     EZ390 START USING z390 V1.5.06 ON J2SE 1.8.0_131 05/12/17
22:34:25 HANOI     EZ390 ENDED   RC= 0 SEC= 1 MEM(MB)= 21 IO=23 INS=46
22:34:30 HANOI     MZ390 START USING z390 V1.5.06 ON J2SE 1.8.0_131 05/12/17
22:34:30 HANOI     MZ390 ENDED   RC= 0 SEC= 0 MEM(MB)= 40 IO=1369
22:34:30 HANOI     LZ390 START USING z390 V1.5.06 ON J2SE 1.8.0_131 05/12/17
22:34:30 HANOI     LZ390 ENDED   RC= 0 SEC= 0 MEM(MB)= 11 IO=90
22:34:31 HANOI     EZ390 START USING z390 V1.5.06 ON J2SE 1.8.0_131 05/12/17
22:34:32 HANOI     EZ390 ENDED   RC= 0 SEC= 1 MEM(MB)= 21 IO=23 INS=58
