18:02:31 HANOI     EZ390 START USING z390 V1.5.06 ON J2SE 1.8.0_131 06/01/17
EZ390I Copyright 2011 Automated Software Tools Corporation
EZ390I z390 is licensed under GNU General Public License
EZ390I program = /home/vasectomio/Documents/GitHub/organizacion_del_computador/TP_IBM/HANOI.390
EZ390I options = 






X
XX
XXX
XXXX
resolucion par







XX
XXX
XXXX
resolucion par








XXX
XXXX
resolucion par









XXXX
resolucion par










EZ390I instructions/sec     = 33847
EZ390I total errors         = 0
18:02:32 HANOI     EZ390 ENDED   RC= 0 SEC= 0 MEM(MB)= 18 IO=74 INS=1557
